  [1m[35m (1.0ms)[0m  [1m[35mCREATE DATABASE `open_project_development` DEFAULT CHARACTER SET `utf8mb4`[0m
  [1m[35m (1.0ms)[0m  [1m[35mCREATE DATABASE `open_project_test` DEFAULT CHARACTER SET `utf8mb4`[0m
  [1m[35m (1.0ms)[0m  [1m[34mSELECT `schema_migrations`.`version` FROM `schema_migrations` ORDER BY `schema_migrations`.`version` ASC[0m
  [1m[35m (1.2ms)[0m  [1m[34mSELECT `schema_migrations`.`version` FROM `schema_migrations` ORDER BY `schema_migrations`.`version` ASC[0m
  [1m[35m (98.2ms)[0m  [1m[35mDROP DATABASE IF EXISTS `open_project_development`[0m
  [1m[35m (26.5ms)[0m  [1m[35mDROP DATABASE IF EXISTS `open_project_test`[0m
  [1m[35m (24.9ms)[0m  [1m[35mCREATE DATABASE `open_project_development` DEFAULT CHARACTER SET `utf8mb4`[0m
  [1m[35m (9.7ms)[0m  [1m[35mCREATE DATABASE `open_project_test` DEFAULT CHARACTER SET `utf8mb4`[0m
  [1m[35m (44.9ms)[0m  [1m[35mCREATE TABLE `schema_migrations` (`version` varchar(255) NOT NULL PRIMARY KEY)[0m
  [1m[35m (69.8ms)[0m  [1m[35mCREATE TABLE `ar_internal_metadata` (`key` varchar(255) NOT NULL PRIMARY KEY, `value` varchar(255), `created_at` datetime(6) NOT NULL, `updated_at` datetime(6) NOT NULL)[0m
  [1m[35m (0.2ms)[0m  [1m[34mSELECT GET_LOCK('3188511547458452775', 0)[0m
  [1m[35m (0.7ms)[0m  [1m[34mSELECT `schema_migrations`.`version` FROM `schema_migrations` ORDER BY `schema_migrations`.`version` ASC[0m
Migrating to CreateAirlines (20211115192828)
  [1m[35m (48.4ms)[0m  [1m[35mCREATE TABLE `airlines` (`id` bigint NOT NULL AUTO_INCREMENT PRIMARY KEY, `name` varchar(255), `image_url` varchar(255), `slug` varchar(255), `created_at` datetime(6) NOT NULL, `updated_at` datetime(6) NOT NULL)[0m
  [1m[36mTRANSACTION (2.5ms)[0m  [1m[35mBEGIN[0m
  [1m[36mActiveRecord::SchemaMigration Create (3.5ms)[0m  [1m[32mINSERT INTO `schema_migrations` (`version`) VALUES ('20211115192828')[0m
  [1m[36mTRANSACTION (8.5ms)[0m  [1m[35mCOMMIT[0m
Migrating to CreateReviews (20211115192847)
  [1m[35m (105.3ms)[0m  [1m[35mCREATE TABLE `reviews` (`id` bigint NOT NULL AUTO_INCREMENT PRIMARY KEY, `title` varchar(255), `description` varchar(255), `score` int, `airline_id` bigint NOT NULL, `created_at` datetime(6) NOT NULL, `updated_at` datetime(6) NOT NULL, INDEX `index_reviews_on_airline_id` (`airline_id`), CONSTRAINT `fk_rails_3a3d57cfdb`
FOREIGN KEY (`airline_id`)
  REFERENCES `airlines` (`id`)
)[0m
  [1m[36mTRANSACTION (0.2ms)[0m  [1m[35mBEGIN[0m
  [1m[36mActiveRecord::SchemaMigration Create (1.4ms)[0m  [1m[32mINSERT INTO `schema_migrations` (`version`) VALUES ('20211115192847')[0m
  [1m[36mTRANSACTION (7.5ms)[0m  [1m[35mCOMMIT[0m
  [1m[36mActiveRecord::InternalMetadata Load (5.7ms)[0m  [1m[34mSELECT `ar_internal_metadata`.* FROM `ar_internal_metadata` WHERE `ar_internal_metadata`.`key` = 'environment' LIMIT 1[0m
  [1m[36mTRANSACTION (0.7ms)[0m  [1m[35mBEGIN[0m
  [1m[36mActiveRecord::InternalMetadata Create (0.4ms)[0m  [1m[32mINSERT INTO `ar_internal_metadata` (`key`, `value`, `created_at`, `updated_at`) VALUES ('environment', 'development', '2021-11-15 19:31:37.329662', '2021-11-15 19:31:37.329662')[0m
  [1m[36mTRANSACTION (5.7ms)[0m  [1m[35mCOMMIT[0m
  [1m[35m (0.2ms)[0m  [1m[34mSELECT RELEASE_LOCK('3188511547458452775')[0m
  [1m[35m (1.9ms)[0m  [1m[34mSELECT `schema_migrations`.`version` FROM `schema_migrations` ORDER BY `schema_migrations`.`version` ASC[0m
  [1m[36mAirline Load (12.3ms)[0m  [1m[34mSELECT `airlines`.* FROM `airlines` ORDER BY `airlines`.`id` ASC LIMIT 1[0m
  [1m[35m (1.6ms)[0m  [1m[34mSELECT `schema_migrations`.`version` FROM `schema_migrations` ORDER BY `schema_migrations`.`version` ASC[0m
  [1m[36mTRANSACTION (1.1ms)[0m  [1m[35mBEGIN[0m
  [1m[36mAirline Create (0.6ms)[0m  [1m[32mINSERT INTO `airlines` (`name`, `image_url`, `slug`, `created_at`, `updated_at`) VALUES ('United Airlines', 'https://open-flights.s3.amazonaws.com/United-Airlines.png', 'united-airlines', '2021-11-16 18:05:25.318071', '2021-11-16 18:05:25.318071')[0m
  [1m[36mTRANSACTION (6.1ms)[0m  [1m[35mCOMMIT[0m
  [1m[36mTRANSACTION (0.3ms)[0m  [1m[35mBEGIN[0m
  [1m[36mAirline Create (1.4ms)[0m  [1m[32mINSERT INTO `airlines` (`name`, `image_url`, `slug`, `created_at`, `updated_at`) VALUES ('Southwest', 'https://open-flights.s3.amazonaws.com/Southwest-Airlines.png', 'southwest', '2021-11-16 18:05:25.428917', '2021-11-16 18:05:25.428917')[0m
  [1m[36mTRANSACTION (13.4ms)[0m  [1m[35mCOMMIT[0m
  [1m[36mTRANSACTION (0.5ms)[0m  [1m[35mBEGIN[0m
  [1m[36mAirline Create (0.6ms)[0m  [1m[32mINSERT INTO `airlines` (`name`, `image_url`, `slug`, `created_at`, `updated_at`) VALUES ('Delta', 'https://open-flights.s3.amazonaws.com/Delta.png', 'delta', '2021-11-16 18:05:25.460911', '2021-11-16 18:05:25.460911')[0m
  [1m[36mTRANSACTION (6.8ms)[0m  [1m[35mCOMMIT[0m
  [1m[36mTRANSACTION (0.3ms)[0m  [1m[35mBEGIN[0m
  [1m[36mAirline Create (0.5ms)[0m  [1m[32mINSERT INTO `airlines` (`name`, `image_url`, `slug`, `created_at`, `updated_at`) VALUES ('Alaska Airlines', 'https://open-flights.s3.amazonaws.com/Alaska-Airlines.png', 'alaska-airlines', '2021-11-16 18:05:25.492433', '2021-11-16 18:05:25.492433')[0m
  [1m[36mTRANSACTION (5.5ms)[0m  [1m[35mCOMMIT[0m
  [1m[36mTRANSACTION (0.2ms)[0m  [1m[35mBEGIN[0m
  [1m[36mAirline Create (0.5ms)[0m  [1m[32mINSERT INTO `airlines` (`name`, `image_url`, `slug`, `created_at`, `updated_at`) VALUES ('JetBlue', 'https://open-flights.s3.amazonaws.com/JetBlue.png', 'jetblue', '2021-11-16 18:05:25.515281', '2021-11-16 18:05:25.515281')[0m
  [1m[36mTRANSACTION (26.7ms)[0m  [1m[35mCOMMIT[0m
  [1m[36mTRANSACTION (0.2ms)[0m  [1m[35mBEGIN[0m
  [1m[36mAirline Create (0.6ms)[0m  [1m[32mINSERT INTO `airlines` (`name`, `image_url`, `slug`, `created_at`, `updated_at`) VALUES ('American Airlines', 'https://open-flights.s3.amazonaws.com/American-Airlines.png', 'american-airlines', '2021-11-16 18:05:25.567559', '2021-11-16 18:05:25.567559')[0m
  [1m[36mTRANSACTION (6.8ms)[0m  [1m[35mCOMMIT[0m
  [1m[36mAirline Load (0.5ms)[0m  [1m[34mSELECT `airlines`.* FROM `airlines` ORDER BY `airlines`.`id` ASC LIMIT 1[0m
  [1m[35m (51.5ms)[0m  [1m[34mSELECT COUNT(*) FROM `airlines`[0m
  [1m[36mAirline Load (11.0ms)[0m  [1m[34mSELECT `airlines`.* FROM `airlines` ORDER BY `airlines`.`id` ASC LIMIT 1[0m
  [1m[36mAirline Load (0.7ms)[0m  [1m[34mSELECT `airlines`.* FROM `airlines` ORDER BY `airlines`.`id` ASC LIMIT 1[0m
  [1m[35m (3.3ms)[0m  [1m[34mSELECT `reviews`.`id` FROM `reviews` WHERE `reviews`.`airline_id` = 1[0m
